<?xml version="1.0" encoding="UTF-8"?>
<testsuite name="TestSuite" time="27.077" tests="1" errors="0" skipped="0" failures="0">
  <properties>
    <property name="PROCESSOR_ARCHITECTURE" value="x86"/>
    <property name="LOGONSERVER" value="\\HP-SAGAR"/>
    <property name="native.encoding" value="Cp1252"/>
    <property name="ProgramData" value="C:\ProgramData"/>
    <property name="java.home" value="C:\Program Files\Java\jdk-17"/>
    <property name="NODE_NAME" value="built-in"/>
    <property name="JENKINS_URL" value="http://localhost:8080/MyAuto/"/>
    <property name="ALLUSERSPROFILE" value="C:\ProgramData"/>
    <property name="PSModulePath" value="C:\Program Files (x86)\WindowsPowerShell\Modules;C:\WINDOWS\system32\WindowsPowerShell\v1.0\Modules;C:\Program Files (x86)\AutoIt3\AutoItX"/>
    <property name="USERDOMAIN" value="HP-SAGAR"/>
    <property name="sun.os.patch.level" value=""/>
    <property name="java.vendor.url" value="https://java.oracle.com/"/>
    <property name="CommonProgramFiles(x86)" value="C:\Program Files (x86)\Common Files"/>
    <property name="java.version" value="17"/>
    <property name="JOB_NAME" value="inetBankingV1_Maven"/>
    <property name="COMPUTERNAME" value="HP-SAGAR"/>
    <property name="ANSYSLIC_DIR" value="C:\Program Files\ANSYS Inc\Shared Files\Licensing"/>
    <property name="java.vendor.url.bug" value="https://bugreport.java.com/bugreport/"/>
    <property name="PUBLIC" value="C:\Users\Public"/>
    <property name="java.version.date" value="2021-09-14"/>
    <property name="jdk.debug" value="release"/>
    <property name="user.name" value="sagar"/>
    <property name="sun.io.unicode.encoding" value="UnicodeLittle"/>
    <property name="sun.jnu.encoding" value="Cp1252"/>
    <property name="java.runtime.name" value="Java(TM) SE Runtime Environment"/>
    <property name="windir" value="C:\WINDOWS"/>
    <property name="PROCESSOR_IDENTIFIER" value="Intel64 Family 6 Model 142 Stepping 9, GenuineIntel"/>
    <property name="java.specification.name" value="Java Platform API Specification"/>
    <property name="LOCALAPPDATA" value="C:\Users\sagar\AppData\Local"/>
    <property name="RUN_CHANGES_DISPLAY_URL" value="http://localhost:8080/MyAuto/job/inetBankingV1_Maven/1/display/redirect?page=changes"/>
    <property name="path" value="C:\Program Files\Java\jdk-17/bin;C:\Program Files (x86)\Common Files\Oracle\Java\javapath;C:\oracle\product\10.2.0\db_1\bin;C:\Users\sagar\AppData\Local\Programs\Python\Python39\Scripts;C:\Program Files\MySQL\MySQL Server 8.0\bin;C:\Windows\System32\drivers;C:\Program Files\Git\cmd;C:\Program Files\nodejs\;C:\Program Files\Java\jdk-17;C:\Program Files\Java\jdk-17\bin;C:\selenium jar files\Maven\apache-maven-3.8.4\bin;C:\Program Files\PuTTY\;C:\Windows\System32;C:\Program Files\MySQL\MySQL Shell 8.0\bin\;C:\Users\sagar\AppData\Local\Programs\Python\Python39\Scripts\;C:\Users\sagar\AppData\Local\Programs\Python\Python39\;C:\Users\sagar\AppData\Local\Microsoft\WindowsApps;C:\Program Files\MySQL\MySQL Server 8.0;C:\Windows\System32\drivers;C:\Users\sagar\AppData\Roaming\npm;C:\Users\sagar\AppData\Local\Programs\Microsoft VS Code\bin"/>
    <property name="user.timezone" value="Asia/Calcutta"/>
    <property name="PROCESSOR_ARCHITEW6432" value="AMD64"/>
    <property name="user.script" value=""/>
    <property name="path.separator" value=";"/>
    <property name="NUMBER_OF_PROCESSORS" value="4"/>
    <property name="BUILD_TAG" value="jenkins-inetBankingV1_Maven-1"/>
    <property name="file.encoding" value="Cp1252"/>
    <property name="AWP_LOCALE100" value="en-us"/>
    <property name="AWP_ROOT202" value="C:\Program Files\ANSYS Inc\v202"/>
    <property name="sun.java.command" value="jenkins.maven3.agent.Maven35Main C:\Users\sagar\.jenkins\tools\hudson.tasks.Maven_MavenInstallation\Maven3 C:\Users\sagar\.jenkins\war\WEB-INF\lib\remoting-4.12.jar C:\Users\sagar\.jenkins\plugins\maven-plugin\WEB-INF\lib\maven35-interceptor-1.13.jar C:\Users\sagar\.jenkins\plugins\maven-plugin\WEB-INF\lib\maven3-interceptor-commons-1.13.jar 56154"/>
    <property name="HUDSON_URL" value="http://localhost:8080/MyAuto/"/>
    <property name="JENKINS_SERVER_COOKIE" value="b55b406f66e31d4b"/>
    <property name="CADOE_LIBDIR100" value="C:\Program Files\ANSYS Inc\v100\CommonFiles\Language\en-us"/>
    <property name="EXECUTOR_NUMBER" value="0"/>
    <property name="java.io.tmpdir" value="C:\Users\sagar\AppData\Local\Temp\"/>
    <property name="APPDATA" value="C:\Users\sagar\AppData\Roaming"/>
    <property name="user.language" value="en"/>
    <property name="line.separator" value="&#10;"/>
    <property name="BUILD_URL" value="http://localhost:8080/MyAuto/job/inetBankingV1_Maven/1/"/>
    <property name="M2_HOME" value="C:\Users\sagar\.jenkins\tools\hudson.tasks.Maven_MavenInstallation\Maven3"/>
    <property name="=C:" value="C:\selenium jar files\Jenkins"/>
    <property name="java.vm.info" value="mixed mode, sharing"/>
    <property name="DriverData" value="C:\Windows\System32\Drivers\DriverData"/>
    <property name="java.vm.specification.name" value="Java Virtual Machine Specification"/>
    <property name="CI" value="true"/>
    <property name="BUILD_DISPLAY_NAME" value="#1"/>
    <property name="OS" value="Windows_NT"/>
    <property name="guice.disable.misplaced.annotation.check" value="true"/>
    <property name="HUDSON_SERVER_COOKIE" value="b55b406f66e31d4b"/>
    <property name="WORKSPACE_TMP" value="C:\Users\sagar\.jenkins\workspace\inetBankingV1_Maven@tmp"/>
    <property name="MAVEN_HOME" value="C:\Users\sagar\.jenkins\tools\hudson.tasks.Maven_MavenInstallation\Maven3"/>
    <property name="SESSIONNAME" value="Console"/>
    <property name="PATHEXT" value=".COM;.EXE;.BAT;.CMD;.VBS;.VBE;.JS;.JSE;.WSF;.WSH;.MSC"/>
    <property name="maven3.interceptor.common" value="C:\Users\sagar\.jenkins\plugins\maven-plugin\WEB-INF\lib\maven3-interceptor-commons-1.13.jar"/>
    <property name="CLASSPATH" value=""/>
    <property name="CADOE_DOCDIR100" value="C:\Program Files\ANSYS Inc\v100\CommonFiles\help\en-us\solviewer"/>
    <property name="ANSYS_SYSDIR" value="winx64"/>
    <property name="ICEMCFD_SYSDIR" value="win64_amd"/>
    <property name="P_SCHEMA" value="C:\Program Files\ANSYS Inc\v202\AISOL\CADIntegration\Parasolid\PSchema"/>
    <property name="ANS_OLD_ATTACH" value="1"/>
    <property name="jansi.mode" value="strip"/>
    <property name="HOMEPATH" value="\Users\sagar"/>
    <property name="os.name" value="Windows 10"/>
    <property name="java.specification.vendor" value="Oracle Corporation"/>
    <property name="BUILD_NUMBER" value="1"/>
    <property name="java.vm.name" value="Java HotSpot(TM) 64-Bit Server VM"/>
    <property name="maven3.interceptor" value="C:\Users\sagar\.jenkins\plugins\maven-plugin\WEB-INF\lib\maven35-interceptor-1.13.jar"/>
    <property name="java.library.path" value="C:\Program Files\Java\jdk-17\bin;C:\WINDOWS\Sun\Java\bin;C:\WINDOWS\system32;C:\WINDOWS;C:\Users\sagar\.jenkins\tools\hudson.tasks.Maven_MavenInstallation\Maven3/bin;C:\Program Files\Java\jdk-17/bin;C:\Program Files\Java\jdk-17/bin;C:\Program Files (x86)\Common Files\Oracle\Java\javapath;C:\oracle\product\10.2.0\db_1\bin;C:\Users\sagar\AppData\Local\Programs\Python\Python39\Scripts;C:\Program Files\MySQL\MySQL Server 8.0\bin;C:\Windows\System32\drivers;C:\Program Files\Git\cmd;C:\Program Files\nodejs\;C:\Program Files\Java\jdk-17;C:\Program Files\Java\jdk-17\bin;C:\selenium jar files\Maven\apache-maven-3.8.4\bin;C:\Program Files\PuTTY\;C:\Windows\System32;C:\Program Files\MySQL\MySQL Shell 8.0\bin\;C:\Users\sagar\AppData\Local\Programs\Python\Python39\Scripts\;C:\Users\sagar\AppData\Local\Programs\Python\Python39\;C:\Users\sagar\AppData\Local\Microsoft\WindowsApps;C:\Program Files\MySQL\MySQL Server 8.0;C:\Windows\System32\drivers;C:\Users\sagar\AppData\Roaming\npm;C:\Users\sagar\AppData\Local\Programs\Microsoft VS Code\bin;."/>
    <property name="HOMEDRIVE" value="C:"/>
    <property name="java.class.version" value="61.0"/>
    <property name="JOB_URL" value="http://localhost:8080/MyAuto/job/inetBankingV1_Maven/"/>
    <property name="platformcode" value="KV"/>
    <property name="OneDrive" value="C:\Users\sagar\OneDrive"/>
    <property name="RUN_DISPLAY_URL" value="http://localhost:8080/MyAuto/job/inetBankingV1_Maven/1/display/redirect"/>
    <property name="ANSYS100_DIR" value="C:\Program Files\ANSYS Inc\v100\ANSYS"/>
    <property name="JENKINS_HOME" value="C:\Users\sagar\.jenkins"/>
    <property name="BUILD_ID" value="1"/>
    <property name="TEMP" value="C:\Users\sagar\AppData\Local\Temp"/>
    <property name="sun.boot.library.path" value="C:\Program Files\Java\jdk-17\bin"/>
    <property name="sun.management.compiler" value="HotSpot 64-Bit Tiered Compilers"/>
    <property name="user.variant" value=""/>
    <property name="PROCESSOR_REVISION" value="8e09"/>
    <property name="HUDSON_HOME" value="C:\Users\sagar\.jenkins"/>
    <property name="ProgramFiles(x86)" value="C:\Program Files (x86)"/>
    <property name="PATH+MAVEN" value="C:\Users\sagar\.jenkins\tools\hudson.tasks.Maven_MavenInstallation\Maven3/bin"/>
    <property name="USERDOMAIN_ROAMINGPROFILE" value="HP-SAGAR"/>
    <property name="ANSYS_SYSDIR32" value="win32"/>
    <property name="RUN_ARTIFACTS_DISPLAY_URL" value="http://localhost:8080/MyAuto/job/inetBankingV1_Maven/1/display/redirect?page=artifacts"/>
    <property name="PROMPT" value="$P$G"/>
    <property name="java.vm.specification.version" value="17"/>
    <property name="NODE_LABELS" value="built-in"/>
    <property name="sun.cpu.isalist" value="amd64"/>
    <property name="USERPROFILE" value="C:\Users\sagar"/>
    <property name="ICEMCFD_ROOT202" value="C:\Program Files\ANSYS Inc\v202\icemcfd"/>
    <property name="java.vm.compressedOopsMode" value="32-bit"/>
    <property name="JOB_DISPLAY_URL" value="http://localhost:8080/MyAuto/job/inetBankingV1_Maven/display/redirect"/>
    <property name="os.version" value="10.0"/>
    <property name="JAVA_Home" value="C:\Program Files\Java\jdk-17"/>
    <property name="user.home" value="C:\Users\sagar"/>
    <property name="USERNAME" value="sagar"/>
    <property name="AWP_LOCALE202" value="en-us"/>
    <property name="java.vm.vendor" value="Oracle Corporation"/>
    <property name="PROCESSOR_LEVEL" value="6"/>
    <property name="CommonProgramW6432" value="C:\Program Files\Common Files"/>
    <property name="CADOE_LIBDIR202" value="C:\Program Files\ANSYS Inc\v202\CommonFiles\Language\en-us"/>
    <property name="user.dir" value="G:\Selenium files\Selenium eclipse Repository\Guru99Bank"/>
    <property name="maven.conf" value="C:\Users\sagar\.jenkins\tools\hudson.tasks.Maven_MavenInstallation\Maven3\conf"/>
    <property name="AWP_ROOT100" value="C:\Program Files\ANSYS Inc\v100"/>
    <property name="ProgramW6432" value="C:\Program Files"/>
    <property name="TMP" value="C:\Users\sagar\AppData\Local\Temp"/>
    <property name="sun.cpu.endian" value="little"/>
    <property name="SystemDrive" value="C:"/>
    <property name="path1" value="C:\Users\sagar\AppData\Local\Programs\Python\Python39"/>
    <property name="java.vm.version" value="17+35-LTS-2724"/>
    <property name="java.class.path" value="C:\Users\sagar\.jenkins\plugins\maven-plugin\WEB-INF\lib\maven35-agent-1.13.jar;C:\Users\sagar\.jenkins\tools\hudson.tasks.Maven_MavenInstallation\Maven3\boot\plexus-classworlds-2.6.0.jar;C:\Users\sagar\.jenkins\tools\hudson.tasks.Maven_MavenInstallation\Maven3/conf/logging"/>
    <property name="org.slf4j.simpleLogger.defaultLogLevel" value="info"/>
    <property name="os.arch" value="amd64"/>
    <property name="RegionCode" value="APJ"/>
    <property name="WORKSPACE" value="C:\Users\sagar\.jenkins\workspace\inetBankingV1_Maven"/>
    <property name="ComSpec" value="C:\WINDOWS\system32\cmd.exe"/>
    <property name="RUN_TESTS_DISPLAY_URL" value="http://localhost:8080/MyAuto/job/inetBankingV1_Maven/1/display/redirect?page=tests"/>
    <property name="sun.java.launcher" value="SUN_STANDARD"/>
    <property name="SystemRoot" value="C:\WINDOWS"/>
    <property name="CommonProgramFiles" value="C:\Program Files (x86)\Common Files"/>
    <property name="java.vm.specification.vendor" value="Oracle Corporation"/>
    <property name="LSTC_LICENSE" value="ANSYS"/>
    <property name="file.separator" value="\"/>
    <property name="java.runtime.version" value="17+35-LTS-2724"/>
    <property name="ProgramFiles" value="C:\Program Files (x86)"/>
    <property name="OnlineServices" value="Online Services"/>
    <property name="PATH+JDK" value="C:\Program Files\Java\jdk-17/bin"/>
    <property name="user.country" value="IN"/>
    <property name="PERL5LIB" value="C:\oracle\product\10.2.0\db_1\perl\5.8.3\lib\MSWin32-x86;C:\oracle\product\10.2.0\db_1\perl\5.8.3\lib;C:\oracle\product\10.2.0\db_1\perl\5.8.3\lib\MSWin32-x86;C:\oracle\product\10.2.0\db_1\perl\site\5.8.3;C:\oracle\product\10.2.0\db_1\perl\site\5.8.3\lib;C:\oracle\product\10.2.0\db_1\sysman\admin\scripts;"/>
    <property name="maven.home" value="C:\Users\sagar\.jenkins\tools\hudson.tasks.Maven_MavenInstallation\Maven3"/>
    <property name="JOB_BASE_NAME" value="inetBankingV1_Maven"/>
    <property name="java.vendor" value="Oracle Corporation"/>
    <property name="java.specification.version" value="17"/>
    <property name="sun.arch.data.model" value="64"/>
  </properties>
  <testcase name="loginTest" classname="com.inetbanking.testCases.TC_LoginTest_001" time="27.077"/>
</testsuite>